<?xml version="1.0" encoding="UTF-8"?>
<!-- Generated by org.testng.reporters.JUnitReportReporter -->
<testsuite hostname="LAPTOP-3289GG6B" failures="0" tests="1" name="MyClass2" time="0.011" errors="0" timestamp="2022-11-23T15:45:12 IST" skipped="0">
  <testcase classname="MyClass2" name="tc2" time="0.011"/>
  <system-out/>
</testsuite> <!-- MyClass2 -->
